<?xml version="1.0" encoding="UTF-8" ?>
<testsuite tests="30" failures="0" name="br.ifes.leticia.ImpostodeRenda.CalcImpostodeRendaRunnerTest" time="0.013" errors="0" skipped="0">
  <properties>
[...]
</properties>
  <testcase classname="| 1900.00 | 0.00 | 1903.98 | 0.00 | 0.0 |" name="Given Eu tenho um salario" time="0.002"/>
  <testcase classname="| 1900.00 | 0.00 | 1903.98 | 0.00 | 0.0 |" name="When Eu quero calcular o imposto de renda do salario \&quot;1900.00\&quot;" time="0"/>
  <testcase classname="| 1900.00 | 0.00 | 1903.98 | 0.00 | 0.0 |" name="And Valor minimo \&quot;0.00\&quot; e maximo \&quot;1903.98\&quot;" time="0"/>
  <testcase classname="| 1900.00 | 0.00 | 1903.98 | 0.00 | 0.0 |" name="Then Eu tenho o valor da aliquota \&quot;0.00\&quot;" time="0"/>
  <testcase classname="| 1900.00 | 0.00 | 1903.98 | 0.00 | 0.0 |" name="And Eu tenho o valor \&quot;0.0\&quot; do imposto de renda" time="0"/>
  <testcase classname="| 1900.00 | 0.00 | 1903.98 | 0.00 | 0.0 |" name="| 1900.00 | 0.00 | 1903.98 | 0.00 | 0.0 |" time="0"/>
  <testcase classname="| 2000.00 | 1903.99 | 2826.65 | 7.5 | 150.0 |" name="Given Eu tenho um salario" time="0"/>
  <testcase classname="| 2000.00 | 1903.99 | 2826.65 | 7.5 | 150.0 |" name="When Eu quero calcular o imposto de renda do salario \&quot;2000.00\&quot;" time="0.001"/>
  <testcase classname="| 2000.00 | 1903.99 | 2826.65 | 7.5 | 150.0 |" name="And Valor minimo \&quot;1903.99\&quot; e maximo \&quot;2826.65\&quot;" time="0"/>
  <testcase classname="| 2000.00 | 1903.99 | 2826.65 | 7.5 | 150.0 |" name="Then Eu tenho o valor da aliquota \&quot;7.5\&quot;" time="0"/>
  <testcase classname="| 2000.00 | 1903.99 | 2826.65 | 7.5 | 150.0 |" name="And Eu tenho o valor \&quot;150.0\&quot; do imposto de renda" time="0"/>
  <testcase classname="| 2000.00 | 1903.99 | 2826.65 | 7.5 | 150.0 |" name="| 2000.00 | 1903.99 | 2826.65 | 7.5 | 150.0 |" time="0"/>
  <testcase classname="| 3000.00 | 2826.66 | 3751.05 | 15 | 450.0 |" name="Given Eu tenho um salario" time="0"/>
  <testcase classname="| 3000.00 | 2826.66 | 3751.05 | 15 | 450.0 |" name="When Eu quero calcular o imposto de renda do salario \&quot;3000.00\&quot;" time="0"/>
  <testcase classname="| 3000.00 | 2826.66 | 3751.05 | 15 | 450.0 |" name="And Valor minimo \&quot;2826.66\&quot; e maximo \&quot;3751.05\&quot;" time="0.001"/>
  <testcase classname="| 3000.00 | 2826.66 | 3751.05 | 15 | 450.0 |" name="Then Eu tenho o valor da aliquota \&quot;15\&quot;" time="0"/>
  <testcase classname="| 3000.00 | 2826.66 | 3751.05 | 15 | 450.0 |" name="And Eu tenho o valor \&quot;450.0\&quot; do imposto de renda" time="0"/>
  <testcase classname="| 3000.00 | 2826.66 | 3751.05 | 15 | 450.0 |" name="| 3000.00 | 2826.66 | 3751.05 | 15 | 450.0 |" time="0.001"/>
  <testcase classname="| 4000.00 | 3751.06 | 4664.68 | 22.5 | 900.0 |" name="Given Eu tenho um salario" time="0"/>
  <testcase classname="| 4000.00 | 3751.06 | 4664.68 | 22.5 | 900.0 |" name="When Eu quero calcular o imposto de renda do salario \&quot;4000.00\&quot;" time="0"/>
  <testcase classname="| 4000.00 | 3751.06 | 4664.68 | 22.5 | 900.0 |" name="And Valor minimo \&quot;3751.06\&quot; e maximo \&quot;4664.68\&quot;" time="0"/>
  <testcase classname="| 4000.00 | 3751.06 | 4664.68 | 22.5 | 900.0 |" name="Then Eu tenho o valor da aliquota \&quot;22.5\&quot;" time="0.007"/>
  <testcase classname="| 4000.00 | 3751.06 | 4664.68 | 22.5 | 900.0 |" name="And Eu tenho o valor \&quot;900.0\&quot; do imposto de renda" time="0"/>
  <testcase classname="| 4000.00 | 3751.06 | 4664.68 | 22.5 | 900.0 |" name="| 4000.00 | 3751.06 | 4664.68 | 22.5 | 900.0 |" time="0"/>
  <testcase classname="| 5000.00 | 4664.69 | 999999.00 | 27.5 | 1375.0 |" name="Given Eu tenho um salario" time="0"/>
  <testcase classname="| 5000.00 | 4664.69 | 999999.00 | 27.5 | 1375.0 |" name="When Eu quero calcular o imposto de renda do salario \&quot;5000.00\&quot;" time="0"/>
  <testcase classname="| 5000.00 | 4664.69 | 999999.00 | 27.5 | 1375.0 |" name="And Valor minimo \&quot;4664.69\&quot; e maximo \&quot;999999.00\&quot;" time="0.001"/>
  <testcase classname="| 5000.00 | 4664.69 | 999999.00 | 27.5 | 1375.0 |" name="Then Eu tenho o valor da aliquota \&quot;27.5\&quot;" time="0"/>
  <testcase classname="| 5000.00 | 4664.69 | 999999.00 | 27.5 | 1375.0 |" name="And Eu tenho o valor \&quot;1375.0\&quot; do imposto de renda" time="0"/>
  <testcase classname="| 5000.00 | 4664.69 | 999999.00 | 27.5 | 1375.0 |" name="| 5000.00 | 4664.69 | 999999.00 | 27.5 | 1375.0 |" time="0"/>
</testsuite>