<?xml version="1.0" encoding="UTF-8" ?>
<testsuite tests="45" failures="0" name="br.ifes.leticia.ImpostodeRenda.CalcImpostodeRendaRunnerTest" time="0.073" errors="0" skipped="20">
  <properties>
[...]
</properties>
  <testcase classname="|  | 1903\u002C98 |  |" name="Given Eu tenho um salario" time="0.001"/>
  <testcase classname="|  | 1903\u002C98 |  |" name="When Eu quero calcular o imposto do salario maior que o valor inicial \&quot;&lt;Valor_inicial&gt;\&quot;" time="0.006">
    <skipped/>
  </testcase>
  <testcase classname="|  | 1903\u002C98 |  |" name="And menor que o valor final \&quot;&lt;Valor_final&gt;\&quot;" time="0.007">
    <skipped/>
  </testcase>
  <testcase classname="|  | 1903\u002C98 |  |" name="Then Eu tenho o valor da aliquota \&quot;\&quot;" time="0.008">
    <skipped/>
  </testcase>
  <testcase classname="|  | 1903\u002C98 |  |" name="|  | 1903\u002C98 |  |" time="0.009">
    <skipped/>
  </testcase>
  <testcase classname="|  | 1903\u002C98 |  |" name="|  | 1903\u002C98 |  |" time="0.009"/>
  <testcase classname="| 1903\u002C99 | 2826\u002C65 | 7\u002C5 |" name="Given Eu tenho um salario" time="0.001"/>
  <testcase classname="| 1903\u002C99 | 2826\u002C65 | 7\u002C5 |" name="When Eu quero calcular o imposto do salario maior que o valor inicial \&quot;&lt;Valor_inicial&gt;\&quot;" time="0.001">
    <skipped/>
  </testcase>
  <testcase classname="| 1903\u002C99 | 2826\u002C65 | 7\u002C5 |" name="And menor que o valor final \&quot;&lt;Valor_final&gt;\&quot;" time="0.001">
    <skipped/>
  </testcase>
  <testcase classname="| 1903\u002C99 | 2826\u002C65 | 7\u002C5 |" name="Then Eu tenho o valor da aliquota \&quot;7\u002C5\&quot;" time="0.003">
    <skipped/>
  </testcase>
  <testcase classname="| 1903\u002C99 | 2826\u002C65 | 7\u002C5 |" name="| 1903\u002C99 | 2826\u002C65 | 7\u002C5 |" time="0.003">
    <skipped/>
  </testcase>
  <testcase classname="| 1903\u002C99 | 2826\u002C65 | 7\u002C5 |" name="| 1903\u002C99 | 2826\u002C65 | 7\u002C5 |" time="0.003"/>
  <testcase classname="| 2826\u002C66 | 3751\u002C05 | 15 |" name="Given Eu tenho um salario" time="0"/>
  <testcase classname="| 2826\u002C66 | 3751\u002C05 | 15 |" name="When Eu quero calcular o imposto do salario maior que o valor inicial \&quot;&lt;Valor_inicial&gt;\&quot;" time="0">
    <skipped/>
  </testcase>
  <testcase classname="| 2826\u002C66 | 3751\u002C05 | 15 |" name="And menor que o valor final \&quot;&lt;Valor_final&gt;\&quot;" time="0">
    <skipped/>
  </testcase>
  <testcase classname="| 2826\u002C66 | 3751\u002C05 | 15 |" name="Then Eu tenho o valor da aliquota \&quot;15\&quot;" time="0.001">
    <skipped/>
  </testcase>
  <testcase classname="| 2826\u002C66 | 3751\u002C05 | 15 |" name="| 2826\u002C66 | 3751\u002C05 | 15 |" time="0.002">
    <skipped/>
  </testcase>
  <testcase classname="| 2826\u002C66 | 3751\u002C05 | 15 |" name="| 2826\u002C66 | 3751\u002C05 | 15 |" time="0.002"/>
  <testcase classname="| 3751\u002C06 | 4664\u002C68 | 22\u002C5 |" name="Given Eu tenho um salario" time="0"/>
  <testcase classname="| 3751\u002C06 | 4664\u002C68 | 22\u002C5 |" name="When Eu quero calcular o imposto do salario maior que o valor inicial \&quot;&lt;Valor_inicial&gt;\&quot;" time="0.001">
    <skipped/>
  </testcase>
  <testcase classname="| 3751\u002C06 | 4664\u002C68 | 22\u002C5 |" name="And menor que o valor final \&quot;&lt;Valor_final&gt;\&quot;" time="0.001">
    <skipped/>
  </testcase>
  <testcase classname="| 3751\u002C06 | 4664\u002C68 | 22\u002C5 |" name="Then Eu tenho o valor da aliquota \&quot;22\u002C5\&quot;" time="0.001">
    <skipped/>
  </testcase>
  <testcase classname="| 3751\u002C06 | 4664\u002C68 | 22\u002C5 |" name="| 3751\u002C06 | 4664\u002C68 | 22\u002C5 |" time="0.002">
    <skipped/>
  </testcase>
  <testcase classname="| 3751\u002C06 | 4664\u002C68 | 22\u002C5 |" name="| 3751\u002C06 | 4664\u002C68 | 22\u002C5 |" time="0.002"/>
  <testcase classname="| 4664\u002C69 |  | 27\u002C5 |" name="Given Eu tenho um salario" time="0"/>
  <testcase classname="| 4664\u002C69 |  | 27\u002C5 |" name="When Eu quero calcular o imposto do salario maior que o valor inicial \&quot;&lt;Valor_inicial&gt;\&quot;" time="0.001">
    <skipped/>
  </testcase>
  <testcase classname="| 4664\u002C69 |  | 27\u002C5 |" name="And menor que o valor final \&quot;&lt;Valor_final&gt;\&quot;" time="0.001">
    <skipped/>
  </testcase>
  <testcase classname="| 4664\u002C69 |  | 27\u002C5 |" name="Then Eu tenho o valor da aliquota \&quot;27\u002C5\&quot;" time="0.001">
    <skipped/>
  </testcase>
  <testcase classname="| 4664\u002C69 |  | 27\u002C5 |" name="| 4664\u002C69 |  | 27\u002C5 |" time="0.001">
    <skipped/>
  </testcase>
  <testcase classname="| 4664\u002C69 |  | 27\u002C5 |" name="| 4664\u002C69 |  | 27\u002C5 |" time="0.002"/>
  <testcase classname="Scenario: calculando o imposto de renda" name="Given Eu tenho um salario" time="0"/>
  <testcase classname="Scenario: calculando o imposto de renda" name="When Eu quero calcular o imposto de renda do salario \&quot;1900.0\&quot;" time="0"/>
  <testcase classname="Scenario: calculando o imposto de renda" name="Then Eu tenho o valor da aliquota \&quot;0.0\&quot;" time="0"/>
  <testcase classname="Scenario: calculando o imposto de renda" name="And Eu tenho o valor \&quot;0.0\&quot; do imposto de renda" time="0"/>
  <testcase classname="Scenario: calculando o imposto de renda" name="Scenario: calculando o imposto de renda" time="0"/>
  <testcase classname="Scenario: calculando o imposto de renda" name="Given Eu tenho um salario" time="0"/>
  <testcase classname="Scenario: calculando o imposto de renda" name="When Eu quero calcular o imposto de renda do salario \&quot;2000.0\&quot;" time="0"/>
  <testcase classname="Scenario: calculando o imposto de renda" name="Then Eu tenho o valor da aliquota \&quot;7.5\&quot;" time="0"/>
  <testcase classname="Scenario: calculando o imposto de renda" name="And Eu tenho o valor \&quot;150.0\&quot; do imposto de renda" time="0"/>
  <testcase classname="Scenario: calculando o imposto de renda" name="Scenario: calculando o imposto de renda" time="0"/>
  <testcase classname="Scenario: calculando o imposto de renda" name="Given Eu tenho um salario" time="0.001"/>
  <testcase classname="Scenario: calculando o imposto de renda" name="When Eu quero calcular o imposto de renda do salario \&quot;3000.00\&quot;" time="0"/>
  <testcase classname="Scenario: calculando o imposto de renda" name="Then Eu tenho o valor da aliquota \&quot;15\&quot;" time="0"/>
  <testcase classname="Scenario: calculando o imposto de renda" name="And Eu tenho o valor \&quot;450.0\&quot; do imposto de renda" time="0.001"/>
  <testcase classname="Scenario: calculando o imposto de renda" name="Scenario: calculando o imposto de renda" time="0.001"/>
</testsuite>